{"level":"error","message":"getaddrinfo ENOTFOUND localgateway01.ap-southeast-1.prod.aws.tidbcloud.comhost","name":"SequelizeHostNotFoundError","original":{"code":"ENOTFOUND","errno":-3008,"fatal":true,"hostname":"localgateway01.ap-southeast-1.prod.aws.tidbcloud.comhost","syscall":"getaddrinfo"},"parent":{"code":"ENOTFOUND","errno":-3008,"fatal":true,"hostname":"localgateway01.ap-southeast-1.prod.aws.tidbcloud.comhost","syscall":"getaddrinfo"},"stack":"SequelizeHostNotFoundError: getaddrinfo ENOTFOUND localgateway01.ap-southeast-1.prod.aws.tidbcloud.comhost\n    at ConnectionManager.connect (/Users/vaibhav2009/Desktop/LMS/backend/node_modules/sequelize/lib/dialects/mysql/connection-manager.js:96:17)\n    at process.processTicksAndRejections (node:internal/process/task_queues:105:5)\n    at async ConnectionManager._connect (/Users/vaibhav2009/Desktop/LMS/backend/node_modules/sequelize/lib/dialects/abstract/connection-manager.js:222:24)\n    at async /Users/vaibhav2009/Desktop/LMS/backend/node_modules/sequelize/lib/dialects/abstract/connection-manager.js:174:32\n    at async ConnectionManager.getConnection (/Users/vaibhav2009/Desktop/LMS/backend/node_modules/sequelize/lib/dialects/abstract/connection-manager.js:197:7)\n    at async /Users/vaibhav2009/Desktop/LMS/backend/node_modules/sequelize/lib/sequelize.js:305:26\n    at async Sequelize.authenticate (/Users/vaibhav2009/Desktop/LMS/backend/node_modules/sequelize/lib/sequelize.js:457:5)\n    at async connectDatabase (file:///Users/vaibhav2009/Desktop/LMS/backend/database/testConnection.js:6:5)\n    at async startServer (file:///Users/vaibhav2009/Desktop/LMS/backend/server.js:8:3)","timestamp":"2026-07-13T15:39:57.650Z"}
{"level":"error","message":"getaddrinfo ENOTFOUND localgateway01.ap-southeast-1.prod.aws.tidbcloud.comhost","name":"SequelizeHostNotFoundError","original":{"code":"ENOTFOUND","errno":-3008,"fatal":true,"hostname":"localgateway01.ap-southeast-1.prod.aws.tidbcloud.comhost","syscall":"getaddrinfo"},"parent":{"code":"ENOTFOUND","errno":-3008,"fatal":true,"hostname":"localgateway01.ap-southeast-1.prod.aws.tidbcloud.comhost","syscall":"getaddrinfo"},"stack":"SequelizeHostNotFoundError: getaddrinfo ENOTFOUND localgateway01.ap-southeast-1.prod.aws.tidbcloud.comhost\n    at ConnectionManager.connect (/Users/vaibhav2009/Desktop/LMS/backend/node_modules/sequelize/lib/dialects/mysql/connection-manager.js:96:17)\n    at process.processTicksAndRejections (node:internal/process/task_queues:105:5)\n    at async ConnectionManager._connect (/Users/vaibhav2009/Desktop/LMS/backend/node_modules/sequelize/lib/dialects/abstract/connection-manager.js:222:24)\n    at async /Users/vaibhav2009/Desktop/LMS/backend/node_modules/sequelize/lib/dialects/abstract/connection-manager.js:174:32\n    at async ConnectionManager.getConnection (/Users/vaibhav2009/Desktop/LMS/backend/node_modules/sequelize/lib/dialects/abstract/connection-manager.js:197:7)\n    at async /Users/vaibhav2009/Desktop/LMS/backend/node_modules/sequelize/lib/sequelize.js:305:26\n    at async Sequelize.authenticate (/Users/vaibhav2009/Desktop/LMS/backend/node_modules/sequelize/lib/sequelize.js:457:5)\n    at async connectDatabase (file:///Users/vaibhav2009/Desktop/LMS/backend/database/testConnection.js:6:5)\n    at async startServer (file:///Users/vaibhav2009/Desktop/LMS/backend/server.js:8:3)","timestamp":"2026-07-13T15:40:04.085Z"}
{"level":"error","message":"getaddrinfo ENOTFOUND localgateway01.ap-southeast-1.prod.aws.tidbcloud.com","name":"SequelizeHostNotFoundError","original":{"code":"ENOTFOUND","errno":-3008,"fatal":true,"hostname":"localgateway01.ap-southeast-1.prod.aws.tidbcloud.com","syscall":"getaddrinfo"},"parent":{"code":"ENOTFOUND","errno":-3008,"fatal":true,"hostname":"localgateway01.ap-southeast-1.prod.aws.tidbcloud.com","syscall":"getaddrinfo"},"stack":"SequelizeHostNotFoundError: getaddrinfo ENOTFOUND localgateway01.ap-southeast-1.prod.aws.tidbcloud.com\n    at ConnectionManager.connect (/Users/vaibhav2009/Desktop/LMS/backend/node_modules/sequelize/lib/dialects/mysql/connection-manager.js:96:17)\n    at process.processTicksAndRejections (node:internal/process/task_queues:105:5)\n    at async ConnectionManager._connect (/Users/vaibhav2009/Desktop/LMS/backend/node_modules/sequelize/lib/dialects/abstract/connection-manager.js:222:24)\n    at async /Users/vaibhav2009/Desktop/LMS/backend/node_modules/sequelize/lib/dialects/abstract/connection-manager.js:174:32\n    at async ConnectionManager.getConnection (/Users/vaibhav2009/Desktop/LMS/backend/node_modules/sequelize/lib/dialects/abstract/connection-manager.js:197:7)\n    at async /Users/vaibhav2009/Desktop/LMS/backend/node_modules/sequelize/lib/sequelize.js:305:26\n    at async Sequelize.authenticate (/Users/vaibhav2009/Desktop/LMS/backend/node_modules/sequelize/lib/sequelize.js:457:5)\n    at async connectDatabase (file:///Users/vaibhav2009/Desktop/LMS/backend/database/testConnection.js:6:5)\n    at async startServer (file:///Users/vaibhav2009/Desktop/LMS/backend/server.js:8:3)","timestamp":"2026-07-13T15:42:35.860Z"}
{"level":"error","message":"getaddrinfo ENOTFOUND localgateway01.ap-southeast-1.prod.aws.tidbcloud.com","name":"SequelizeHostNotFoundError","original":{"code":"ENOTFOUND","errno":-3008,"fatal":true,"hostname":"localgateway01.ap-southeast-1.prod.aws.tidbcloud.com","syscall":"getaddrinfo"},"parent":{"code":"ENOTFOUND","errno":-3008,"fatal":true,"hostname":"localgateway01.ap-southeast-1.prod.aws.tidbcloud.com","syscall":"getaddrinfo"},"stack":"SequelizeHostNotFoundError: getaddrinfo ENOTFOUND localgateway01.ap-southeast-1.prod.aws.tidbcloud.com\n    at ConnectionManager.connect (/Users/vaibhav2009/Desktop/LMS/backend/node_modules/sequelize/lib/dialects/mysql/connection-manager.js:96:17)\n    at process.processTicksAndRejections (node:internal/process/task_queues:105:5)\n    at async ConnectionManager._connect (/Users/vaibhav2009/Desktop/LMS/backend/node_modules/sequelize/lib/dialects/abstract/connection-manager.js:222:24)\n    at async /Users/vaibhav2009/Desktop/LMS/backend/node_modules/sequelize/lib/dialects/abstract/connection-manager.js:174:32\n    at async ConnectionManager.getConnection (/Users/vaibhav2009/Desktop/LMS/backend/node_modules/sequelize/lib/dialects/abstract/connection-manager.js:197:7)\n    at async /Users/vaibhav2009/Desktop/LMS/backend/node_modules/sequelize/lib/sequelize.js:305:26\n    at async Sequelize.authenticate (/Users/vaibhav2009/Desktop/LMS/backend/node_modules/sequelize/lib/sequelize.js:457:5)\n    at async connectDatabase (file:///Users/vaibhav2009/Desktop/LMS/backend/database/testConnection.js:6:5)\n    at async startServer (file:///Users/vaibhav2009/Desktop/LMS/backend/server.js:8:3)","timestamp":"2026-07-13T15:44:30.701Z"}
{"level":"error","message":"Connections using insecure transport are prohibited. See https://docs.pingcap.com/tidbcloud/secure-connections-to-serverless-tier-clusters","name":"SequelizeConnectionError","original":{"code":"ER_UNKNOWN_ERROR","errno":1105,"sqlMessage":"Connections using insecure transport are prohibited. See https://docs.pingcap.com/tidbcloud/secure-connections-to-serverless-tier-clusters","sqlState":"HY000"},"parent":{"code":"ER_UNKNOWN_ERROR","errno":1105,"sqlMessage":"Connections using insecure transport are prohibited. See https://docs.pingcap.com/tidbcloud/secure-connections-to-serverless-tier-clusters","sqlState":"HY000"},"stack":"SequelizeConnectionError: Connections using insecure transport are prohibited. See https://docs.pingcap.com/tidbcloud/secure-connections-to-serverless-tier-clusters\n    at ConnectionManager.connect (/Users/vaibhav2009/Desktop/LMS/backend/node_modules/sequelize/lib/dialects/mysql/connection-manager.js:102:17)\n    at process.processTicksAndRejections (node:internal/process/task_queues:105:5)\n    at async ConnectionManager._connect (/Users/vaibhav2009/Desktop/LMS/backend/node_modules/sequelize/lib/dialects/abstract/connection-manager.js:222:24)\n    at async /Users/vaibhav2009/Desktop/LMS/backend/node_modules/sequelize/lib/dialects/abstract/connection-manager.js:174:32\n    at async ConnectionManager.getConnection (/Users/vaibhav2009/Desktop/LMS/backend/node_modules/sequelize/lib/dialects/abstract/connection-manager.js:197:7)\n    at async /Users/vaibhav2009/Desktop/LMS/backend/node_modules/sequelize/lib/sequelize.js:305:26\n    at async Sequelize.authenticate (/Users/vaibhav2009/Desktop/LMS/backend/node_modules/sequelize/lib/sequelize.js:457:5)\n    at async connectDatabase (file:///Users/vaibhav2009/Desktop/LMS/backend/database/testConnection.js:6:5)\n    at async startServer (file:///Users/vaibhav2009/Desktop/LMS/backend/server.js:8:3)","timestamp":"2026-07-13T15:46:21.207Z"}
{"level":"info","message":"MySQL connected successfully","timestamp":"2026-07-13T15:47:59.379Z"}
{"level":"info","message":"Server running on http://localhost:3000","timestamp":"2026-07-13T15:47:59.385Z"}
{"level":"info","message":"MySQL connected successfully","timestamp":"2026-07-13T15:51:30.297Z"}
{"level":"info","message":"Server running on http://localhost:3000","timestamp":"2026-07-13T15:51:30.304Z"}
{"code":"ER_UNKNOWN_ERROR","errno":1105,"level":"error","message":"Connections using insecure transport are prohibited. See https://docs.pingcap.com/tidbcloud/secure-connections-to-serverless-tier-clusters","sqlMessage":"Connections using insecure transport are prohibited. See https://docs.pingcap.com/tidbcloud/secure-connections-to-serverless-tier-clusters","sqlState":"HY000","stack":"Error: Connections using insecure transport are prohibited. See https://docs.pingcap.com/tidbcloud/secure-connections-to-serverless-tier-clusters\n    at Packet.asError (/Users/vaibhav2009/Desktop/LMS/backend/node_modules/mysql2/lib/packets/packet.js:791:17)\n    at ClientHandshake.execute (/Users/vaibhav2009/Desktop/LMS/backend/node_modules/mysql2/lib/commands/command.js:29:26)\n    at PoolConnection.handlePacket (/Users/vaibhav2009/Desktop/LMS/backend/node_modules/mysql2/lib/base/connection.js:552:34)\n    at PacketParser.onPacket (/Users/vaibhav2009/Desktop/LMS/backend/node_modules/mysql2/lib/base/connection.js:102:12)\n    at PacketParser.executeStart (/Users/vaibhav2009/Desktop/LMS/backend/node_modules/mysql2/lib/packet_parser.js:75:16)\n    at Socket.<anonymous> (/Users/vaibhav2009/Desktop/LMS/backend/node_modules/mysql2/lib/base/connection.js:109:25)\n    at Socket.emit (node:events:519:28)\n    at addChunk (node:internal/streams/readable:561:12)\n    at readableAddChunkPushByteMode (node:internal/streams/readable:512:3)\n    at Readable.push (node:internal/streams/readable:392:5)","timestamp":"2026-07-13T15:53:19.479Z"}
{"code":"ER_UNKNOWN_ERROR","errno":1105,"level":"error","message":"Connections using insecure transport are prohibited. See https://docs.pingcap.com/tidbcloud/secure-connections-to-serverless-tier-clusters","sqlMessage":"Connections using insecure transport are prohibited. See https://docs.pingcap.com/tidbcloud/secure-connections-to-serverless-tier-clusters","sqlState":"HY000","stack":"Error: Connections using insecure transport are prohibited. See https://docs.pingcap.com/tidbcloud/secure-connections-to-serverless-tier-clusters\n    at Packet.asError (/Users/vaibhav2009/Desktop/LMS/backend/node_modules/mysql2/lib/packets/packet.js:791:17)\n    at ClientHandshake.execute (/Users/vaibhav2009/Desktop/LMS/backend/node_modules/mysql2/lib/commands/command.js:29:26)\n    at PoolConnection.handlePacket (/Users/vaibhav2009/Desktop/LMS/backend/node_modules/mysql2/lib/base/connection.js:552:34)\n    at PacketParser.onPacket (/Users/vaibhav2009/Desktop/LMS/backend/node_modules/mysql2/lib/base/connection.js:102:12)\n    at PacketParser.executeStart (/Users/vaibhav2009/Desktop/LMS/backend/node_modules/mysql2/lib/packet_parser.js:75:16)\n    at Socket.<anonymous> (/Users/vaibhav2009/Desktop/LMS/backend/node_modules/mysql2/lib/base/connection.js:109:25)\n    at Socket.emit (node:events:519:28)\n    at addChunk (node:internal/streams/readable:561:12)\n    at readableAddChunkPushByteMode (node:internal/streams/readable:512:3)\n    at Readable.push (node:internal/streams/readable:392:5)","timestamp":"2026-07-13T15:53:28.322Z"}
{"level":"info","message":"✅ MySQL Connected","timestamp":"2026-07-13T15:55:14.830Z"}
{"level":"info","message":"Server running on 3000","timestamp":"2026-07-13T15:55:14.837Z"}
{"level":"info","message":"✅ MySQL Connected","timestamp":"2026-07-13T15:55:19.042Z"}
{"level":"info","message":"Server running on 3000","timestamp":"2026-07-13T15:55:19.045Z"}
{"level":"info","message":"MySQL Connected","timestamp":"2026-07-13T15:56:01.626Z"}
{"level":"info","message":"Server running on 3000","timestamp":"2026-07-13T15:56:01.630Z"}
{"level":"info","message":"MySQL Connected","timestamp":"2026-07-13T18:03:19.228Z"}
{"level":"info","message":"Server running on 3000","timestamp":"2026-07-13T18:03:19.234Z"}
{"level":"info","message":"MySQL Connected","timestamp":"2026-07-13T18:03:23.446Z"}
{"level":"info","message":"Server running on 3000","timestamp":"2026-07-13T18:03:23.453Z"}
{"level":"info","message":"MySQL Connected","timestamp":"2026-07-13T18:03:44.787Z"}
{"level":"info","message":"Server running on 3000","timestamp":"2026-07-13T18:03:44.792Z"}
{"level":"info","message":"MySQL Connected","timestamp":"2026-07-13T18:03:47.428Z"}
{"level":"info","message":"Server running on 3000","timestamp":"2026-07-13T18:03:47.435Z"}
{"level":"info","message":"MySQL Connected","timestamp":"2026-07-13T18:03:52.864Z"}
{"level":"info","message":"Server running on 3000","timestamp":"2026-07-13T18:03:52.871Z"}
{"level":"info","message":"MySQL Connected","timestamp":"2026-07-13T18:03:58.442Z"}
{"level":"info","message":"Server running on 3000","timestamp":"2026-07-13T18:03:58.449Z"}
{"level":"info","message":"MySQL Connected","timestamp":"2026-07-13T18:04:05.898Z"}
{"level":"info","message":"Server running on 3000","timestamp":"2026-07-13T18:04:05.905Z"}
{"level":"info","message":"MySQL Connected","timestamp":"2026-07-13T18:04:14.402Z"}
{"level":"info","message":"Server running on 3000","timestamp":"2026-07-13T18:04:14.407Z"}
{"level":"info","message":"MySQL Connected","timestamp":"2026-07-13T18:12:29.173Z"}
{"level":"info","message":"Server running on 3000","timestamp":"2026-07-13T18:12:29.180Z"}
{"level":"info","message":"MySQL Connected","timestamp":"2026-07-13T18:12:48.241Z"}
{"level":"info","message":"Server started successfully.","timestamp":"2026-07-13T18:12:48.248Z"}
{"level":"info","message":"Environment : development","timestamp":"2026-07-13T18:12:48.249Z"}
{"level":"info","message":"Port        : 3000","timestamp":"2026-07-13T18:12:48.250Z"}
{"level":"info","message":"API Base    : http://localhost:3000/api/v1","timestamp":"2026-07-13T18:12:48.250Z"}
{"level":"info","message":"MySQL Connected","timestamp":"2026-07-13T18:14:04.208Z"}
{"level":"info","message":"Server started successfully.","timestamp":"2026-07-13T18:14:04.216Z"}
{"level":"info","message":"Environment : development","timestamp":"2026-07-13T18:14:04.216Z"}
{"level":"info","message":"Port        : 3000","timestamp":"2026-07-13T18:14:04.217Z"}
{"level":"info","message":"API Base    : http://localhost:3000/api/v1","timestamp":"2026-07-13T18:14:04.217Z"}
{"level":"info","message":"Gracefully shutting down...","timestamp":"2026-07-13T18:18:24.781Z"}
{"level":"info","message":"MySQL Connected","timestamp":"2026-07-13T18:18:30.098Z"}
{"level":"info","message":"Server started successfully.","timestamp":"2026-07-13T18:18:30.106Z"}
{"level":"info","message":"Environment : development","timestamp":"2026-07-13T18:18:30.106Z"}
{"level":"info","message":"Port        : 3000","timestamp":"2026-07-13T18:18:30.107Z"}
{"level":"info","message":"API Base    : http://localhost:3000/api/v1","timestamp":"2026-07-13T18:18:30.107Z"}
{"level":"info","message":"MySQL Connected","timestamp":"2026-07-13T18:19:34.020Z"}
{"level":"info","message":"Server started successfully.","timestamp":"2026-07-13T18:19:34.023Z"}
{"level":"info","message":"Environment : development","timestamp":"2026-07-13T18:19:34.023Z"}
{"level":"info","message":"Port        : 3000","timestamp":"2026-07-13T18:19:34.023Z"}
{"level":"info","message":"API Base    : http://localhost:3000/api/v1","timestamp":"2026-07-13T18:19:34.023Z"}
{"level":"info","message":"MySQL Connected","timestamp":"2026-07-13T18:20:57.187Z"}
{"level":"info","message":"Server started successfully.","timestamp":"2026-07-13T18:20:57.193Z"}
{"level":"info","message":"Environment : development","timestamp":"2026-07-13T18:20:57.193Z"}
{"level":"info","message":"Port        : 3000","timestamp":"2026-07-13T18:20:57.194Z"}
{"level":"info","message":"API Base    : http://localhost:3000/api/v1","timestamp":"2026-07-13T18:20:57.194Z"}
{"level":"info","message":"MySQL Connected","timestamp":"2026-07-13T18:21:12.257Z"}
{"level":"info","message":"Server started successfully.","timestamp":"2026-07-13T18:21:12.264Z"}
{"level":"info","message":"Environment : development","timestamp":"2026-07-13T18:21:12.264Z"}
{"level":"info","message":"Port        : 3000","timestamp":"2026-07-13T18:21:12.265Z"}
{"level":"info","message":"API Base    : http://localhost:3000/api/v1","timestamp":"2026-07-13T18:21:12.265Z"}
{"level":"info","message":"MySQL Connected","timestamp":"2026-07-13T18:21:59.974Z"}
{"level":"info","message":"Server started successfully.","timestamp":"2026-07-13T18:21:59.977Z"}
{"level":"info","message":"Environment : development","timestamp":"2026-07-13T18:21:59.978Z"}
{"level":"info","message":"Port        : 3000","timestamp":"2026-07-13T18:21:59.978Z"}
{"level":"info","message":"API Base    : http://localhost:3000/api/v1","timestamp":"2026-07-13T18:21:59.978Z"}
{"ip":"::1","level":"error","message":"ApiResponse.error is not a function","method":"GET","stack":"TypeError: ApiResponse.error is not a function\n    at notFound (file:///Users/vaibhav2009/Desktop/LMS/backend/middlewares/notFound.js:4:22)\n    at Layer.handleRequest (/Users/vaibhav2009/Desktop/LMS/backend/node_modules/router/lib/layer.js:152:17)\n    at trimPrefix (/Users/vaibhav2009/Desktop/LMS/backend/node_modules/router/index.js:342:13)\n    at /Users/vaibhav2009/Desktop/LMS/backend/node_modules/router/index.js:297:9\n    at processParams (/Users/vaibhav2009/Desktop/LMS/backend/node_modules/router/index.js:582:12)\n    at next (/Users/vaibhav2009/Desktop/LMS/backend/node_modules/router/index.js:291:5)\n    at /Users/vaibhav2009/Desktop/LMS/backend/node_modules/router/index.js:688:15\n    at next (/Users/vaibhav2009/Desktop/LMS/backend/node_modules/router/index.js:276:14)\n    at /Users/vaibhav2009/Desktop/LMS/backend/node_modules/router/index.js:688:15\n    at next (/Users/vaibhav2009/Desktop/LMS/backend/node_modules/router/index.js:276:14)","statusCode":500,"timestamp":"2026-07-13T18:22:07.315Z","url":"/api/error"}
{"ip":"::1","level":"error","message":"ApiError is not defined","method":"GET","stack":"ReferenceError: ApiError is not defined\n    at file:///Users/vaibhav2009/Desktop/LMS/backend/routes/index.js:9:5\n    at Layer.handleRequest (/Users/vaibhav2009/Desktop/LMS/backend/node_modules/router/lib/layer.js:152:17)\n    at next (/Users/vaibhav2009/Desktop/LMS/backend/node_modules/router/lib/route.js:157:13)\n    at Route.dispatch (/Users/vaibhav2009/Desktop/LMS/backend/node_modules/router/lib/route.js:117:3)\n    at handle (/Users/vaibhav2009/Desktop/LMS/backend/node_modules/router/index.js:435:11)\n    at Layer.handleRequest (/Users/vaibhav2009/Desktop/LMS/backend/node_modules/router/lib/layer.js:152:17)\n    at /Users/vaibhav2009/Desktop/LMS/backend/node_modules/router/index.js:295:15\n    at processParams (/Users/vaibhav2009/Desktop/LMS/backend/node_modules/router/index.js:582:12)\n    at next (/Users/vaibhav2009/Desktop/LMS/backend/node_modules/router/index.js:291:5)\n    at /Users/vaibhav2009/Desktop/LMS/backend/node_modules/router/index.js:688:15","statusCode":500,"timestamp":"2026-07-13T18:22:19.690Z","url":"/error"}
{"ip":"::1","level":"error","message":"ApiError is not defined","method":"GET","stack":"ReferenceError: ApiError is not defined\n    at file:///Users/vaibhav2009/Desktop/LMS/backend/routes/index.js:9:5\n    at Layer.handleRequest (/Users/vaibhav2009/Desktop/LMS/backend/node_modules/router/lib/layer.js:152:17)\n    at next (/Users/vaibhav2009/Desktop/LMS/backend/node_modules/router/lib/route.js:157:13)\n    at Route.dispatch (/Users/vaibhav2009/Desktop/LMS/backend/node_modules/router/lib/route.js:117:3)\n    at handle (/Users/vaibhav2009/Desktop/LMS/backend/node_modules/router/index.js:435:11)\n    at Layer.handleRequest (/Users/vaibhav2009/Desktop/LMS/backend/node_modules/router/lib/layer.js:152:17)\n    at /Users/vaibhav2009/Desktop/LMS/backend/node_modules/router/index.js:295:15\n    at processParams (/Users/vaibhav2009/Desktop/LMS/backend/node_modules/router/index.js:582:12)\n    at next (/Users/vaibhav2009/Desktop/LMS/backend/node_modules/router/index.js:291:5)\n    at /Users/vaibhav2009/Desktop/LMS/backend/node_modules/router/index.js:688:15","statusCode":500,"timestamp":"2026-07-13T18:22:24.123Z","url":"/error"}
{"ip":"::1","level":"error","message":"ApiResponse.error is not a function","method":"GET","stack":"TypeError: ApiResponse.error is not a function\n    at notFound (file:///Users/vaibhav2009/Desktop/LMS/backend/middlewares/notFound.js:4:22)\n    at Layer.handleRequest (/Users/vaibhav2009/Desktop/LMS/backend/node_modules/router/lib/layer.js:152:17)\n    at trimPrefix (/Users/vaibhav2009/Desktop/LMS/backend/node_modules/router/index.js:342:13)\n    at /Users/vaibhav2009/Desktop/LMS/backend/node_modules/router/index.js:297:9\n    at processParams (/Users/vaibhav2009/Desktop/LMS/backend/node_modules/router/index.js:582:12)\n    at next (/Users/vaibhav2009/Desktop/LMS/backend/node_modules/router/index.js:291:5)\n    at /Users/vaibhav2009/Desktop/LMS/backend/node_modules/router/index.js:688:15\n    at next (/Users/vaibhav2009/Desktop/LMS/backend/node_modules/router/index.js:276:14)\n    at /Users/vaibhav2009/Desktop/LMS/backend/node_modules/router/index.js:688:15\n    at next (/Users/vaibhav2009/Desktop/LMS/backend/node_modules/router/index.js:276:14)","statusCode":500,"timestamp":"2026-07-13T18:22:37.943Z","url":"/api"}
{"ip":"::1","level":"error","message":"ApiError is not defined","method":"GET","stack":"ReferenceError: ApiError is not defined\n    at file:///Users/vaibhav2009/Desktop/LMS/backend/routes/index.js:9:5\n    at Layer.handleRequest (/Users/vaibhav2009/Desktop/LMS/backend/node_modules/router/lib/layer.js:152:17)\n    at next (/Users/vaibhav2009/Desktop/LMS/backend/node_modules/router/lib/route.js:157:13)\n    at Route.dispatch (/Users/vaibhav2009/Desktop/LMS/backend/node_modules/router/lib/route.js:117:3)\n    at handle (/Users/vaibhav2009/Desktop/LMS/backend/node_modules/router/index.js:435:11)\n    at Layer.handleRequest (/Users/vaibhav2009/Desktop/LMS/backend/node_modules/router/lib/layer.js:152:17)\n    at /Users/vaibhav2009/Desktop/LMS/backend/node_modules/router/index.js:295:15\n    at processParams (/Users/vaibhav2009/Desktop/LMS/backend/node_modules/router/index.js:582:12)\n    at next (/Users/vaibhav2009/Desktop/LMS/backend/node_modules/router/index.js:291:5)\n    at /Users/vaibhav2009/Desktop/LMS/backend/node_modules/router/index.js:688:15","statusCode":500,"timestamp":"2026-07-13T18:22:43.230Z","url":"/error"}
{"level":"info","message":"MySQL Connected","timestamp":"2026-07-13T18:23:27.728Z"}
{"level":"info","message":"Server started successfully.","timestamp":"2026-07-13T18:23:27.734Z"}
{"level":"info","message":"Environment : development","timestamp":"2026-07-13T18:23:27.734Z"}
{"level":"info","message":"Port        : 3000","timestamp":"2026-07-13T18:23:27.734Z"}
{"level":"info","message":"API Base    : http://localhost:3000/api/v1","timestamp":"2026-07-13T18:23:27.735Z"}
{"ip":"::1","level":"error","message":"ApiError is not defined","method":"GET","stack":"ReferenceError: ApiError is not defined\n    at file:///Users/vaibhav2009/Desktop/LMS/backend/routes/index.js:10:5\n    at Layer.handleRequest (/Users/vaibhav2009/Desktop/LMS/backend/node_modules/router/lib/layer.js:152:17)\n    at next (/Users/vaibhav2009/Desktop/LMS/backend/node_modules/router/lib/route.js:157:13)\n    at Route.dispatch (/Users/vaibhav2009/Desktop/LMS/backend/node_modules/router/lib/route.js:117:3)\n    at handle (/Users/vaibhav2009/Desktop/LMS/backend/node_modules/router/index.js:435:11)\n    at Layer.handleRequest (/Users/vaibhav2009/Desktop/LMS/backend/node_modules/router/lib/layer.js:152:17)\n    at /Users/vaibhav2009/Desktop/LMS/backend/node_modules/router/index.js:295:15\n    at processParams (/Users/vaibhav2009/Desktop/LMS/backend/node_modules/router/index.js:582:12)\n    at next (/Users/vaibhav2009/Desktop/LMS/backend/node_modules/router/index.js:291:5)\n    at /Users/vaibhav2009/Desktop/LMS/backend/node_modules/router/index.js:688:15","statusCode":500,"timestamp":"2026-07-13T18:23:37.764Z","url":"/error"}
{"ip":"::1","level":"error","message":"ApiError is not defined","method":"GET","stack":"ReferenceError: ApiError is not defined\n    at file:///Users/vaibhav2009/Desktop/LMS/backend/routes/index.js:10:5\n    at Layer.handleRequest (/Users/vaibhav2009/Desktop/LMS/backend/node_modules/router/lib/layer.js:152:17)\n    at next (/Users/vaibhav2009/Desktop/LMS/backend/node_modules/router/lib/route.js:157:13)\n    at Route.dispatch (/Users/vaibhav2009/Desktop/LMS/backend/node_modules/router/lib/route.js:117:3)\n    at handle (/Users/vaibhav2009/Desktop/LMS/backend/node_modules/router/index.js:435:11)\n    at Layer.handleRequest (/Users/vaibhav2009/Desktop/LMS/backend/node_modules/router/lib/layer.js:152:17)\n    at /Users/vaibhav2009/Desktop/LMS/backend/node_modules/router/index.js:295:15\n    at processParams (/Users/vaibhav2009/Desktop/LMS/backend/node_modules/router/index.js:582:12)\n    at next (/Users/vaibhav2009/Desktop/LMS/backend/node_modules/router/index.js:291:5)\n    at /Users/vaibhav2009/Desktop/LMS/backend/node_modules/router/index.js:688:15","statusCode":500,"timestamp":"2026-07-13T18:23:38.601Z","url":"/error"}
{"ip":"::1","level":"error","message":"ApiError is not defined","method":"GET","stack":"ReferenceError: ApiError is not defined\n    at file:///Users/vaibhav2009/Desktop/LMS/backend/routes/index.js:10:5\n    at Layer.handleRequest (/Users/vaibhav2009/Desktop/LMS/backend/node_modules/router/lib/layer.js:152:17)\n    at next (/Users/vaibhav2009/Desktop/LMS/backend/node_modules/router/lib/route.js:157:13)\n    at Route.dispatch (/Users/vaibhav2009/Desktop/LMS/backend/node_modules/router/lib/route.js:117:3)\n    at handle (/Users/vaibhav2009/Desktop/LMS/backend/node_modules/router/index.js:435:11)\n    at Layer.handleRequest (/Users/vaibhav2009/Desktop/LMS/backend/node_modules/router/lib/layer.js:152:17)\n    at /Users/vaibhav2009/Desktop/LMS/backend/node_modules/router/index.js:295:15\n    at processParams (/Users/vaibhav2009/Desktop/LMS/backend/node_modules/router/index.js:582:12)\n    at next (/Users/vaibhav2009/Desktop/LMS/backend/node_modules/router/index.js:291:5)\n    at /Users/vaibhav2009/Desktop/LMS/backend/node_modules/router/index.js:688:15","statusCode":500,"timestamp":"2026-07-13T18:23:38.715Z","url":"/error"}
{"ip":"::1","level":"error","message":"ApiError is not defined","method":"GET","stack":"ReferenceError: ApiError is not defined\n    at file:///Users/vaibhav2009/Desktop/LMS/backend/routes/index.js:10:5\n    at Layer.handleRequest (/Users/vaibhav2009/Desktop/LMS/backend/node_modules/router/lib/layer.js:152:17)\n    at next (/Users/vaibhav2009/Desktop/LMS/backend/node_modules/router/lib/route.js:157:13)\n    at Route.dispatch (/Users/vaibhav2009/Desktop/LMS/backend/node_modules/router/lib/route.js:117:3)\n    at handle (/Users/vaibhav2009/Desktop/LMS/backend/node_modules/router/index.js:435:11)\n    at Layer.handleRequest (/Users/vaibhav2009/Desktop/LMS/backend/node_modules/router/lib/layer.js:152:17)\n    at /Users/vaibhav2009/Desktop/LMS/backend/node_modules/router/index.js:295:15\n    at processParams (/Users/vaibhav2009/Desktop/LMS/backend/node_modules/router/index.js:582:12)\n    at next (/Users/vaibhav2009/Desktop/LMS/backend/node_modules/router/index.js:291:5)\n    at /Users/vaibhav2009/Desktop/LMS/backend/node_modules/router/index.js:688:15","statusCode":500,"timestamp":"2026-07-13T18:24:14.605Z","url":"/error"}
{"level":"info","message":"MySQL Connected","timestamp":"2026-07-13T18:25:24.403Z"}
{"level":"info","message":"Server started successfully.","timestamp":"2026-07-13T18:25:24.408Z"}
{"level":"info","message":"Environment : development","timestamp":"2026-07-13T18:25:24.409Z"}
{"level":"info","message":"Port        : 3000","timestamp":"2026-07-13T18:25:24.409Z"}
{"level":"info","message":"API Base    : http://localhost:3000/api/v1","timestamp":"2026-07-13T18:25:24.409Z"}
{"ip":"::1","level":"error","message":"HTTP_STATUS is not defined","method":"GET","stack":"ReferenceError: HTTP_STATUS is not defined\n    at file:///Users/vaibhav2009/Desktop/LMS/backend/routes/index.js:12:9\n    at Layer.handleRequest (/Users/vaibhav2009/Desktop/LMS/backend/node_modules/router/lib/layer.js:152:17)\n    at next (/Users/vaibhav2009/Desktop/LMS/backend/node_modules/router/lib/route.js:157:13)\n    at Route.dispatch (/Users/vaibhav2009/Desktop/LMS/backend/node_modules/router/lib/route.js:117:3)\n    at handle (/Users/vaibhav2009/Desktop/LMS/backend/node_modules/router/index.js:435:11)\n    at Layer.handleRequest (/Users/vaibhav2009/Desktop/LMS/backend/node_modules/router/lib/layer.js:152:17)\n    at /Users/vaibhav2009/Desktop/LMS/backend/node_modules/router/index.js:295:15\n    at processParams (/Users/vaibhav2009/Desktop/LMS/backend/node_modules/router/index.js:582:12)\n    at next (/Users/vaibhav2009/Desktop/LMS/backend/node_modules/router/index.js:291:5)\n    at /Users/vaibhav2009/Desktop/LMS/backend/node_modules/router/index.js:688:15","statusCode":500,"timestamp":"2026-07-13T18:25:31.678Z","url":"/error"}
{"level":"info","message":"MySQL Connected","timestamp":"2026-07-13T18:26:37.257Z"}
{"level":"info","message":"Server started successfully.","timestamp":"2026-07-13T18:26:37.264Z"}
{"level":"info","message":"Environment : development","timestamp":"2026-07-13T18:26:37.264Z"}
{"level":"info","message":"Port        : 3000","timestamp":"2026-07-13T18:26:37.265Z"}
{"level":"info","message":"API Base    : http://localhost:3000/api/v1","timestamp":"2026-07-13T18:26:37.265Z"}
{"ip":"::1","level":"error","message":"This is a test error","method":"GET","stack":"ApiError: This is a test error\n    at file:///Users/vaibhav2009/Desktop/LMS/backend/routes/index.js:12:11\n    at Layer.handleRequest (/Users/vaibhav2009/Desktop/LMS/backend/node_modules/router/lib/layer.js:152:17)\n    at next (/Users/vaibhav2009/Desktop/LMS/backend/node_modules/router/lib/route.js:157:13)\n    at Route.dispatch (/Users/vaibhav2009/Desktop/LMS/backend/node_modules/router/lib/route.js:117:3)\n    at handle (/Users/vaibhav2009/Desktop/LMS/backend/node_modules/router/index.js:435:11)\n    at Layer.handleRequest (/Users/vaibhav2009/Desktop/LMS/backend/node_modules/router/lib/layer.js:152:17)\n    at /Users/vaibhav2009/Desktop/LMS/backend/node_modules/router/index.js:295:15\n    at processParams (/Users/vaibhav2009/Desktop/LMS/backend/node_modules/router/index.js:582:12)\n    at next (/Users/vaibhav2009/Desktop/LMS/backend/node_modules/router/index.js:291:5)\n    at /Users/vaibhav2009/Desktop/LMS/backend/node_modules/router/index.js:688:15","statusCode":400,"timestamp":"2026-07-13T18:26:41.164Z","url":"/error"}
{"level":"info","message":"MySQL Connected","timestamp":"2026-07-13T18:30:40.963Z"}
{"level":"info","message":"Server started successfully.","timestamp":"2026-07-13T18:30:40.970Z"}
{"level":"info","message":"Environment : development","timestamp":"2026-07-13T18:30:40.970Z"}
{"level":"info","message":"Port        : 3000","timestamp":"2026-07-13T18:30:40.971Z"}
{"level":"info","message":"API Base    : http://localhost:3000/api/v1","timestamp":"2026-07-13T18:30:40.971Z"}
{"level":"info","message":"MySQL Connected","timestamp":"2026-07-13T18:30:43.367Z"}
{"level":"info","message":"Server started successfully.","timestamp":"2026-07-13T18:30:43.374Z"}
{"level":"info","message":"Environment : development","timestamp":"2026-07-13T18:30:43.375Z"}
{"level":"info","message":"Port        : 3000","timestamp":"2026-07-13T18:30:43.375Z"}
{"level":"info","message":"API Base    : http://localhost:3000/api/v1","timestamp":"2026-07-13T18:30:43.375Z"}
{"level":"info","message":"MySQL Connected","timestamp":"2026-07-13T18:30:56.030Z"}
{"level":"info","message":"Server started successfully.","timestamp":"2026-07-13T18:30:56.039Z"}
{"level":"info","message":"Environment : development","timestamp":"2026-07-13T18:30:56.039Z"}
{"level":"info","message":"Port        : 3000","timestamp":"2026-07-13T18:30:56.040Z"}
{"level":"info","message":"API Base    : http://localhost:3000/api/v1","timestamp":"2026-07-13T18:30:56.040Z"}
{"level":"info","message":"MySQL Connected","timestamp":"2026-07-13T18:31:42.185Z"}
{"level":"info","message":"Server started successfully.","timestamp":"2026-07-13T18:31:42.193Z"}
{"level":"info","message":"Environment : development","timestamp":"2026-07-13T18:31:42.193Z"}
{"level":"info","message":"Port        : 3000","timestamp":"2026-07-13T18:31:42.194Z"}
{"level":"info","message":"API Base    : http://localhost:3000/api/v1","timestamp":"2026-07-13T18:31:42.194Z"}
{"ip":"::1","level":"error","message":"Testing async handler","method":"GET","stack":"ApiError: Testing async handler\n    at file:///Users/vaibhav2009/Desktop/LMS/backend/routes/index.js:20:15\n    at file:///Users/vaibhav2009/Desktop/LMS/backend/middlewares/asyncHandler.js:3:21\n    at Layer.handleRequest (/Users/vaibhav2009/Desktop/LMS/backend/node_modules/router/lib/layer.js:152:17)\n    at next (/Users/vaibhav2009/Desktop/LMS/backend/node_modules/router/lib/route.js:157:13)\n    at Route.dispatch (/Users/vaibhav2009/Desktop/LMS/backend/node_modules/router/lib/route.js:117:3)\n    at handle (/Users/vaibhav2009/Desktop/LMS/backend/node_modules/router/index.js:435:11)\n    at Layer.handleRequest (/Users/vaibhav2009/Desktop/LMS/backend/node_modules/router/lib/layer.js:152:17)\n    at /Users/vaibhav2009/Desktop/LMS/backend/node_modules/router/index.js:295:15\n    at processParams (/Users/vaibhav2009/Desktop/LMS/backend/node_modules/router/index.js:582:12)\n    at next (/Users/vaibhav2009/Desktop/LMS/backend/node_modules/router/index.js:291:5)","statusCode":400,"timestamp":"2026-07-13T18:31:52.890Z","url":"/test"}
{"level":"info","message":"MySQL Connected","timestamp":"2026-07-13T18:33:13.591Z"}
{"level":"info","message":"Server started successfully.","timestamp":"2026-07-13T18:33:13.598Z"}
{"level":"info","message":"Environment : development","timestamp":"2026-07-13T18:33:13.598Z"}
{"level":"info","message":"Port        : 3000","timestamp":"2026-07-13T18:33:13.599Z"}
{"level":"info","message":"API Base    : http://localhost:3000/api/v1","timestamp":"2026-07-13T18:33:13.599Z"}
{"level":"info","message":"MySQL Connected","timestamp":"2026-07-13T18:33:27.154Z"}
{"level":"info","message":"Server started successfully.","timestamp":"2026-07-13T18:33:27.161Z"}
{"level":"info","message":"Environment : development","timestamp":"2026-07-13T18:33:27.161Z"}
{"level":"info","message":"Port        : 3000","timestamp":"2026-07-13T18:33:27.162Z"}
{"level":"info","message":"API Base    : http://localhost:3000/api/v1","timestamp":"2026-07-13T18:33:27.163Z"}
{"level":"info","message":"MySQL Connected","timestamp":"2026-07-13T18:35:42.582Z"}
{"level":"info","message":"Server started successfully.","timestamp":"2026-07-13T18:35:42.588Z"}
{"level":"info","message":"Environment : development","timestamp":"2026-07-13T18:35:42.588Z"}
{"level":"info","message":"Port        : 3000","timestamp":"2026-07-13T18:35:42.589Z"}
{"level":"info","message":"API Base    : http://localhost:3000/api/v1","timestamp":"2026-07-13T18:35:42.589Z"}
